This is pdfTeX, Version 3.14159265-2.6-1.40.21 (MiKTeX 2.9.7350 64-bit) (preloaded format=pdflatex 2020.4.4)  9 APR 2020 23:07
entering extended mode
**"./iniciação cientifica.tex"
("iniciação cientifica.tex"
LaTeX2e <2020-02-02> patch level 5
L3 programming layer <2020-03-06>
("C:\Program Files\MiKTeX 2.9\tex/latex/base\article.cls"
Document Class: article 2019/12/20 v1.4l Standard LaTeX document class
("C:\Program Files\MiKTeX 2.9\tex/latex/base\size12.clo"
File: size12.clo 2019/12/20 v1.4l Standard LaTeX file (size option)
)
\c@part=\count167
\c@section=\count168
\c@subsection=\count169
\c@subsubsection=\count170
\c@paragraph=\count171
\c@subparagraph=\count172
\c@figure=\count173
\c@table=\count174
\abovecaptionskip=\skip47
\belowcaptionskip=\skip48
\bibindent=\dimen134
)
("C:\Program Files\MiKTeX 2.9\tex/generic/babel\babel.sty"
Package: babel 2020/02/28 3.41 The Babel package

("C:\Program Files\MiKTeX 2.9\tex/generic/babel\switch.def"
File: switch.def 2020/02/28 3.41 Babel switching mechanism
)
*************************************
* Local config file bblopts.cfg used
*
("C:\Program Files\MiKTeX 2.9\tex/latex/arabi\bblopts.cfg"
File: bblopts.cfg 2005/09/08 v0.1 add Arabic and Farsi to "declared" options of
 babel
)
("C:\Program Files\MiKTeX 2.9\tex/latex/babel-portuges\portuges.ldf"
Language: portuges 2008/03/18 v1.2q Portuguese support from the babel system

("C:\Program Files\MiKTeX 2.9\tex/generic/babel\babel.def"
File: babel.def 2020/02/28 3.41 Babel common definitions
\babel@savecnt=\count175
\U@D=\dimen135

("C:\Program Files\MiKTeX 2.9\tex/generic/babel\txtbabel.def")
\bbl@readstream=\read2
\bbl@dirlevel=\count176
)
Package babel Info: \l@brazil = using hyphenrules for portuguese
(babel)             (\language55) on input line 113.
Package babel Info: Making " an active character on input line 145.
))
("C:\Program Files\MiKTeX 2.9\tex/latex/base\inputenc.sty"
Package: inputenc 2018/08/11 v1.3c Input encoding file
\inpenc@prehook=\toks15
\inpenc@posthook=\toks16
)
("C:\Program Files\MiKTeX 2.9\tex/latex/tree-dvips\lingmacros.sty"
\c@enums=\count177
\widelabel=\dimen136
\c@tempcnt=\count178
\c@enumsi=\count179
\eeindent=\dimen137
)
("C:\Program Files\MiKTeX 2.9\tex/latex/tree-dvips\tree-dvips.sty"
tree-dvips version .91 of May 16, 1995
\nodemargin=\dimen138
\treelinewidth=\dimen139
\dashlength=\dimen140
\arrowwidth=\dimen141
\arrowlength=\dimen142
\arrowinset=\dimen143
\pos@t=\toks17
\pos@b=\toks18
\pos@l=\toks19
\pos@r=\toks20
\pos@tl=\toks21
\pos@tr=\toks22
\pos@bl=\toks23
\pos@br=\toks24
\@arrow=\count180
\@tempdimc=\dimen144
) ("C:\Program Files\MiKTeX 2.9\tex/latex/graphics\graphicx.sty"
Package: graphicx 2019/11/30 v1.2a Enhanced LaTeX Graphics (DPC,SPQR)

("C:\Program Files\MiKTeX 2.9\tex/latex/graphics\keyval.sty"
Package: keyval 2014/10/28 v1.15 key=value parser (DPC)
\KV@toks@=\toks25
)
("C:\Program Files\MiKTeX 2.9\tex/latex/graphics\graphics.sty"
Package: graphics 2019/11/30 v1.4a Standard LaTeX Graphics (DPC,SPQR)

("C:\Program Files\MiKTeX 2.9\tex/latex/graphics\trig.sty"
Package: trig 2016/01/03 v1.10 sin cos tan (DPC)
)
("C:\Program Files\MiKTeX 2.9\tex/latex/graphics-cfg\graphics.cfg"
File: graphics.cfg 2016/06/04 v1.11 sample graphics configuration
)
Package graphics Info: Driver file: pdftex.def on input line 105.

("C:\Program Files\MiKTeX 2.9\tex/latex/graphics-def\pdftex.def"
File: pdftex.def 2018/01/08 v1.0l Graphics/color driver for pdftex
))
\Gin@req@height=\dimen145
\Gin@req@width=\dimen146
)
("C:\Program Files\MiKTeX 2.9\tex/latex/preprint\authblk.sty"
Package: authblk 2001/02/27 1.3 (PWD)
\affilsep=\skip49
\@affilsep=\skip50
\c@Maxaffil=\count181
\c@authors=\count182
\c@affil=\count183
)
("C:\Program Files\MiKTeX 2.9\tex/latex/l3backend\l3backend-pdfmode.def"
File: l3backend-pdfmode.def 2020-03-12 L3 backend support: PDF mode
\l__kernel_color_stack_int=\count184
\l__pdf_internal_box=\box45
)
("iniciação cientifica.aux")
\openout1 = `"iniciação cientifica.aux"'.

LaTeX Font Info:    Checking defaults for OML/cmm/m/it on input line 14.
LaTeX Font Info:    ... okay on input line 14.
LaTeX Font Info:    Checking defaults for OMS/cmsy/m/n on input line 14.
LaTeX Font Info:    ... okay on input line 14.
LaTeX Font Info:    Checking defaults for OT1/cmr/m/n on input line 14.
LaTeX Font Info:    ... okay on input line 14.
LaTeX Font Info:    Checking defaults for T1/cmr/m/n on input line 14.
LaTeX Font Info:    ... okay on input line 14.
LaTeX Font Info:    Checking defaults for TS1/cmr/m/n on input line 14.
LaTeX Font Info:    ... okay on input line 14.
LaTeX Font Info:    Checking defaults for OMX/cmex/m/n on input line 14.
LaTeX Font Info:    ... okay on input line 14.
LaTeX Font Info:    Checking defaults for U/cmr/m/n on input line 14.
LaTeX Font Info:    ... okay on input line 14.

("C:\Program Files\MiKTeX 2.9\tex/context/base/mkii\supp-pdf.mkii"
[Loading MPS to PDF converter (version 2006.09.02).]
\scratchcounter=\count185
\scratchdimen=\dimen147
\scratchbox=\box46
\nofMPsegments=\count186
\nofMParguments=\count187
\everyMPshowfont=\toks26
\MPscratchCnt=\count188
\MPscratchDim=\dimen148
\MPnumerator=\count189
\makeMPintoPDFobject=\count190
\everyMPtoPDFconversion=\toks27
) ("C:\Program Files\MiKTeX 2.9\tex/latex/epstopdf-pkg\epstopdf-base.sty"
Package: epstopdf-base 2020-01-24 v2.11 Base part for package epstopdf
Package epstopdf-base Info: Redefining graphics rule for `.eps' on input line 4
85.
)
<pontesKonisberg.jpg, id=1, 345.54094pt x 282.30469pt>
File: pontesKonisberg.jpg Graphic file (type jpg)
<use pontesKonisberg.jpg>
Package pdftex.def Info: pontesKonisberg.jpg  used on input line 27.
(pdftex.def)             Requested size: 227.62537pt x 227.6274pt.

[1


Non-PDF special ignored!
<special> header=tree-dvips91.pro
{C:/Users/Jonathan/AppData/Local/MiKTeX/2.9/pdftex/config/pdftex.map}]
<grafoKönigsberg.png, id=9, 220.825pt x 171.64125pt>
File: grafoKönigsberg.png Graphic file (type png)
<use grafoKönigsberg.png>
Package pdftex.def Info: grafoKönigsberg.png  used on input line 40.
(pdftex.def)             Requested size: 170.72314pt x 170.71628pt.
LaTeX Font Info:    External font `cmex10' loaded for size
(Font)              <12> on input line 47.
LaTeX Font Info:    External font `cmex10' loaded for size
(Font)              <8> on input line 47.
LaTeX Font Info:    External font `cmex10' loaded for size
(Font)              <6> on input line 47.
 [2 <./pontesKonisberg.jpg>] [3 <./grafoKönigsberg.png>]
<grafoPlanar.png, id=20, 165.61874pt x 167.12437pt>
File: grafoPlanar.png Graphic file (type png)
<use grafoPlanar.png>
Package pdftex.def Info: grafoPlanar.png  used on input line 70.
(pdftex.def)             Requested size: 142.27013pt x 142.27568pt.
 [4 <./grafoPlanar.png>]
<grafoDual.png, id=24, 320.69812pt x 153.57375pt>
File: grafoDual.png Graphic file (type png)
<use grafoDual.png>
Package pdftex.def Info: grafoDual.png  used on input line 85.
(pdftex.def)             Requested size: 227.62874pt x 113.81151pt.

Overfull \hbox (4.07368pt too wide) in paragraph at lines 92--94
\OT1/cmr/m/n/12 Nos pro-ble-mas en-vol-vendo co-lorac~ao propria de vertices
, en-con-trar um numero
 []

[5 <./grafoDual.png>] [6] [7] [8] ("iniciação cientifica.aux") ) 
Here is how much of TeX's memory you used:
 2039 strings out of 480934
 29226 string characters out of 2909674
 280316 words of memory out of 3000000
 17911 multiletter control sequences out of 15000+200000
 536891 words of font info for 39 fonts, out of 3000000 for 9000
 1141 hyphenation exceptions out of 8191
 30i,5n,27p,676b,226s stack positions out of 5000i,500n,10000p,200000b,50000s
<C:/Program F
iles/MiKTeX 2.9/fonts/type1/public/amsfonts/cm/cmbx12.pfb><C:/Program Files/MiK
TeX 2.9/fonts/type1/public/amsfonts/cm/cmmi12.pfb><C:/Program Files/MiKTeX 2.9/
fonts/type1/public/amsfonts/cm/cmmi8.pfb><C:/Program Files/MiKTeX 2.9/fonts/typ
e1/public/amsfonts/cm/cmr12.pfb><C:/Program Files/MiKTeX 2.9/fonts/type1/public
/amsfonts/cm/cmr17.pfb><C:/Program Files/MiKTeX 2.9/fonts/type1/public/amsfonts
/cm/cmr8.pfb><C:/Program Files/MiKTeX 2.9/fonts/type1/public/amsfonts/cm/cmsy10
.pfb>
Output written on "iniciação cientifica.pdf" (8 pages, 230787 bytes).
PDF statistics:
 63 PDF objects out of 1000 (max. 8388607)
 0 named destinations out of 1000 (max. 500000)
 21 words of extra memory for PDF output out of 10000 (max. 10000000)

